<?xml version="1.0" encoding="UTF-8"?>
<!-- Generated by org.testng.reporters.JUnitReportReporter -->
<testsuite hostname="MeghanaDN-LT" failures="0" tests="1" name="com.Pratices.xpath.Testcase.Testpratices" time="0.010" errors="0" timestamp="2024-04-03T12:40:08 IST" skipped="0">
  <testcase classname="com.Pratices.xpath.Testcase.Testpratices" name="getdatafromreadconfig" time="0.010"/>
  <system-out/>
</testsuite> <!-- com.Pratices.xpath.Testcase.Testpratices -->
