<?xml version="1.0" encoding="UTF-8"?>
<!-- Generated by org.testng.reporters.JUnitReportReporter -->
<testsuite hostname="MeghanaDN-LT" failures="0" tests="1" name="com.Pratices.xpath.Testcase.BaseClass" time="7.047" errors="0" timestamp="2024-04-03T12:38:22 IST" skipped="0">
  <testcase classname="com.Pratices.xpath.Testcase.BaseClass" name="runurl" time="7.047"/>
  <system-out/>
</testsuite> <!-- com.Pratices.xpath.Testcase.BaseClass -->
