<?xml version="1.0" encoding="UTF-8"?>
<!-- Generated by org.testng.reporters.JUnitReportReporter -->
<testsuite hostname="MeghanaDN-LT" failures="0" tests="1" name="com.Pratices.xpath.Testcase.TC_002_dateinformation" time="4.253" errors="0" timestamp="2024-04-04T12:19:01 IST" skipped="0">
  <testcase classname="com.Pratices.xpath.Testcase.TC_002_dateinformation" name="date" time="4.253"/>
  <system-out/>
</testsuite> <!-- com.Pratices.xpath.Testcase.TC_002_dateinformation -->
