<?xml version="1.0" encoding="UTF-8"?>
<!-- Generated by org.testng.reporters.JUnitReportReporter -->
<testsuite hostname="MeghanaDN-LT" failures="0" tests="2" name="com.Pratices.xpath.Testcase.TC_003_dropDown" time="0.451" errors="0" timestamp="2024-04-05T12:09:49 IST" skipped="0">
  <testcase classname="com.Pratices.xpath.Testcase.TC_003_dropDown" name="dropDownList" time="0.124"/>
  <system-out/>
  <testcase classname="com.Pratices.xpath.Testcase.TC_003_dropDown" name="clickDropDownList" time="0.327"/>
  <system-out/>
</testsuite> <!-- com.Pratices.xpath.Testcase.TC_003_dropDown -->
