<?xml version="1.0" encoding="UTF-8"?>
<!-- Generated by org.testng.reporters.JUnitReportReporter -->
<testsuite hostname="MeghanaDN-LT" failures="0" tests="1" name="com.Pratices.xpath.Testcase.TC_001_Blogclick" time="5.517" errors="0" timestamp="2024-04-04T10:25:46 IST" skipped="0">
  <testcase classname="com.Pratices.xpath.Testcase.TC_001_Blogclick" name="BloglinkClick" time="5.517"/>
  <system-out/>
</testsuite> <!-- com.Pratices.xpath.Testcase.TC_001_Blogclick -->
